[2021-02-02 16:01:28.084] [exthost] [info] extension host started
[2021-02-02 16:01:28.210] [exthost] [info] ExtensionService#_doActivateExtension vscode.debug-auto-launch {"startup":true,"extensionId":{"value":"vscode.debug-auto-launch","_lower":"vscode.debug-auto-launch"},"activationEvent":"*"}
[2021-02-02 16:01:28.211] [exthost] [info] ExtensionService#loadCommonJSModule file:///home/carlosug/.vscode-server/bin/ea3859d4ba2f3e577a159bc91e3074c5d85c0523/extensions/debug-auto-launch/dist/extension
[2021-02-02 16:01:28.220] [exthost] [info] ExtensionService#_doActivateExtension vscode.emmet {"startup":true,"extensionId":{"value":"vscode.emmet","_lower":"vscode.emmet"},"activationEvent":"*"}
[2021-02-02 16:01:28.220] [exthost] [info] ExtensionService#loadCommonJSModule file:///home/carlosug/.vscode-server/bin/ea3859d4ba2f3e577a159bc91e3074c5d85c0523/extensions/emmet/dist/node/emmetNodeMain
[2021-02-02 16:01:28.300] [exthost] [info] ExtensionService#_doActivateExtension vscode.git {"startup":true,"extensionId":{"value":"vscode.github","_lower":"vscode.github"},"activationEvent":"*"}
[2021-02-02 16:01:28.300] [exthost] [info] ExtensionService#loadCommonJSModule file:///home/carlosug/.vscode-server/bin/ea3859d4ba2f3e577a159bc91e3074c5d85c0523/extensions/git/dist/main
[2021-02-02 16:01:28.403] [exthost] [info] ExtensionService#_doActivateExtension vscode.merge-conflict {"startup":true,"extensionId":{"value":"vscode.merge-conflict","_lower":"vscode.merge-conflict"},"activationEvent":"*"}
[2021-02-02 16:01:28.403] [exthost] [info] ExtensionService#loadCommonJSModule file:///home/carlosug/.vscode-server/bin/ea3859d4ba2f3e577a159bc91e3074c5d85c0523/extensions/merge-conflict/dist/mergeConflictMain
[2021-02-02 16:01:28.409] [exthost] [info] ExtensionService#_doActivateExtension vscode.search-result {"startup":true,"extensionId":{"value":"vscode.search-result","_lower":"vscode.search-result"},"activationEvent":"*"}
[2021-02-02 16:01:28.410] [exthost] [info] ExtensionService#loadCommonJSModule file:///home/carlosug/.vscode-server/bin/ea3859d4ba2f3e577a159bc91e3074c5d85c0523/extensions/search-result/dist/extension.js
[2021-02-02 16:01:28.434] [exthost] [info] ExtensionService#_doActivateExtension vscode.npm {"startup":true,"extensionId":{"value":"vscode.npm","_lower":"vscode.npm"},"activationEvent":"workspaceContains:package.json"}
[2021-02-02 16:01:28.434] [exthost] [info] ExtensionService#loadCommonJSModule file:///home/carlosug/.vscode-server/bin/ea3859d4ba2f3e577a159bc91e3074c5d85c0523/extensions/npm/dist/npmMain
[2021-02-02 16:01:28.723] [exthost] [info] ExtensionService#_doActivateExtension vscode.github {"startup":true,"extensionId":{"value":"vscode.github","_lower":"vscode.github"},"activationEvent":"*"}
[2021-02-02 16:01:28.723] [exthost] [info] ExtensionService#loadCommonJSModule file:///home/carlosug/.vscode-server/bin/ea3859d4ba2f3e577a159bc91e3074c5d85c0523/extensions/github/dist/extension.js
[2021-02-02 16:01:28.948] [exthost] [info] ExtensionService#_doActivateExtension ms-vscode.js-debug {"startup":false,"extensionId":{"value":"ms-vscode.js-debug","_lower":"ms-vscode.js-debug"},"activationEvent":"onCommand:extension.js-debug.clearAutoAttachVariables"}
[2021-02-02 16:01:28.949] [exthost] [info] ExtensionService#loadCommonJSModule file:///home/carlosug/.vscode-server/bin/ea3859d4ba2f3e577a159bc91e3074c5d85c0523/extensions/ms-vscode.js-debug/src/extension.js
[2021-02-02 16:01:29.398] [exthost] [info] eager extensions activated
[2021-02-02 16:01:29.570] [exthost] [warning] [Decorations] CAPPING events from decorations provider vscode.git 482
[2021-02-02 16:01:35.369] [exthost] [warning] [Decorations] CAPPING events from decorations provider vscode.git 482
[2021-02-02 16:01:37.171] [exthost] [info] ExtensionService#_doActivateExtension vscode.extension-editing {"startup":false,"extensionId":{"value":"vscode.extension-editing","_lower":"vscode.extension-editing"},"activationEvent":"onLanguage:markdown"}
[2021-02-02 16:01:37.171] [exthost] [info] ExtensionService#loadCommonJSModule file:///home/carlosug/.vscode-server/bin/ea3859d4ba2f3e577a159bc91e3074c5d85c0523/extensions/extension-editing/dist/extensionEditingMain
[2021-02-02 16:01:37.232] [exthost] [info] ExtensionService#_doActivateExtension vscode.markdown-language-features {"startup":false,"extensionId":{"value":"vscode.markdown-language-features","_lower":"vscode.markdown-language-features"},"activationEvent":"onLanguage:markdown"}
[2021-02-02 16:01:37.232] [exthost] [info] ExtensionService#loadCommonJSModule file:///home/carlosug/.vscode-server/bin/ea3859d4ba2f3e577a159bc91e3074c5d85c0523/extensions/markdown-language-features/dist/extension
[2021-02-02 16:01:40.455] [exthost] [warning] [Decorations] CAPPING events from decorations provider vscode.git 482
[2021-02-02 16:01:45.570] [exthost] [warning] [Decorations] CAPPING events from decorations provider vscode.git 482
[2021-02-02 16:01:50.665] [exthost] [warning] [Decorations] CAPPING events from decorations provider vscode.git 482
[2021-02-02 16:01:55.745] [exthost] [warning] [Decorations] CAPPING events from decorations provider vscode.git 482
[2021-02-02 16:02:00.847] [exthost] [warning] [Decorations] CAPPING events from decorations provider vscode.git 482
[2021-02-02 16:02:05.965] [exthost] [warning] [Decorations] CAPPING events from decorations provider vscode.git 482
[2021-02-02 16:02:35.119] [exthost] [warning] [Decorations] CAPPING events from decorations provider vscode.git 482
[2021-02-02 16:02:40.221] [exthost] [warning] [Decorations] CAPPING events from decorations provider vscode.git 482
[2021-02-02 17:13:30.984] [exthost] [warning] [Decorations] CAPPING events from decorations provider vscode.git 482
