[2021-02-02 21:27:01.881] [exthost] [info] extension host started
[2021-02-02 21:27:01.922] [exthost] [info] ExtensionService#_doActivateExtension vscode.debug-auto-launch {"startup":true,"extensionId":{"value":"vscode.debug-auto-launch","_lower":"vscode.debug-auto-launch"},"activationEvent":"*"}
[2021-02-02 21:27:01.923] [exthost] [info] ExtensionService#loadCommonJSModule file:///home/carlosug/.vscode-server/bin/ea3859d4ba2f3e577a159bc91e3074c5d85c0523/extensions/debug-auto-launch/dist/extension
[2021-02-02 21:27:01.929] [exthost] [info] ExtensionService#_doActivateExtension vscode.emmet {"startup":true,"extensionId":{"value":"vscode.emmet","_lower":"vscode.emmet"},"activationEvent":"*"}
[2021-02-02 21:27:01.930] [exthost] [info] ExtensionService#loadCommonJSModule file:///home/carlosug/.vscode-server/bin/ea3859d4ba2f3e577a159bc91e3074c5d85c0523/extensions/emmet/dist/node/emmetNodeMain
[2021-02-02 21:27:01.977] [exthost] [info] ExtensionService#_doActivateExtension vscode.git {"startup":true,"extensionId":{"value":"vscode.github","_lower":"vscode.github"},"activationEvent":"*"}
[2021-02-02 21:27:01.977] [exthost] [info] ExtensionService#loadCommonJSModule file:///home/carlosug/.vscode-server/bin/ea3859d4ba2f3e577a159bc91e3074c5d85c0523/extensions/git/dist/main
[2021-02-02 21:27:02.038] [exthost] [info] ExtensionService#_doActivateExtension vscode.merge-conflict {"startup":true,"extensionId":{"value":"vscode.merge-conflict","_lower":"vscode.merge-conflict"},"activationEvent":"*"}
[2021-02-02 21:27:02.038] [exthost] [info] ExtensionService#loadCommonJSModule file:///home/carlosug/.vscode-server/bin/ea3859d4ba2f3e577a159bc91e3074c5d85c0523/extensions/merge-conflict/dist/mergeConflictMain
[2021-02-02 21:27:02.042] [exthost] [info] ExtensionService#_doActivateExtension vscode.search-result {"startup":true,"extensionId":{"value":"vscode.search-result","_lower":"vscode.search-result"},"activationEvent":"*"}
[2021-02-02 21:27:02.042] [exthost] [info] ExtensionService#loadCommonJSModule file:///home/carlosug/.vscode-server/bin/ea3859d4ba2f3e577a159bc91e3074c5d85c0523/extensions/search-result/dist/extension.js
[2021-02-02 21:27:02.047] [exthost] [info] ExtensionService#_doActivateExtension vscode.npm {"startup":true,"extensionId":{"value":"vscode.npm","_lower":"vscode.npm"},"activationEvent":"workspaceContains:package.json"}
[2021-02-02 21:27:02.047] [exthost] [info] ExtensionService#loadCommonJSModule file:///home/carlosug/.vscode-server/bin/ea3859d4ba2f3e577a159bc91e3074c5d85c0523/extensions/npm/dist/npmMain
[2021-02-02 21:27:02.206] [exthost] [info] ExtensionService#_doActivateExtension vscode.github {"startup":true,"extensionId":{"value":"vscode.github","_lower":"vscode.github"},"activationEvent":"*"}
[2021-02-02 21:27:02.206] [exthost] [info] ExtensionService#loadCommonJSModule file:///home/carlosug/.vscode-server/bin/ea3859d4ba2f3e577a159bc91e3074c5d85c0523/extensions/github/dist/extension.js
[2021-02-02 21:27:02.283] [exthost] [info] ExtensionService#_doActivateExtension ms-vscode.js-debug {"startup":false,"extensionId":{"value":"ms-vscode.js-debug","_lower":"ms-vscode.js-debug"},"activationEvent":"onCommand:extension.js-debug.clearAutoAttachVariables"}
[2021-02-02 21:27:02.283] [exthost] [info] ExtensionService#loadCommonJSModule file:///home/carlosug/.vscode-server/bin/ea3859d4ba2f3e577a159bc91e3074c5d85c0523/extensions/ms-vscode.js-debug/src/extension.js
[2021-02-02 21:27:02.552] [exthost] [info] eager extensions activated
[2021-02-02 21:27:21.996] [exthost] [info] ExtensionService#_doActivateExtension vscode.extension-editing {"startup":false,"extensionId":{"value":"vscode.extension-editing","_lower":"vscode.extension-editing"},"activationEvent":"onLanguage:markdown"}
[2021-02-02 21:27:21.996] [exthost] [info] ExtensionService#loadCommonJSModule file:///home/carlosug/.vscode-server/bin/ea3859d4ba2f3e577a159bc91e3074c5d85c0523/extensions/extension-editing/dist/extensionEditingMain
[2021-02-02 21:27:22.010] [exthost] [info] ExtensionService#_doActivateExtension vscode.markdown-language-features {"startup":false,"extensionId":{"value":"vscode.markdown-language-features","_lower":"vscode.markdown-language-features"},"activationEvent":"onLanguage:markdown"}
[2021-02-02 21:27:22.010] [exthost] [info] ExtensionService#loadCommonJSModule file:///home/carlosug/.vscode-server/bin/ea3859d4ba2f3e577a159bc91e3074c5d85c0523/extensions/markdown-language-features/dist/extension
[2021-02-02 21:27:41.801] [exthost] [info] ExtensionService#_doActivateExtension vscode.configuration-editing {"startup":false,"extensionId":{"value":"vscode.configuration-editing","_lower":"vscode.configuration-editing"},"activationEvent":"onLanguage:json"}
[2021-02-02 21:27:41.802] [exthost] [info] ExtensionService#loadCommonJSModule file:///home/carlosug/.vscode-server/bin/ea3859d4ba2f3e577a159bc91e3074c5d85c0523/extensions/configuration-editing/dist/configurationEditingMain
[2021-02-02 21:27:41.808] [exthost] [info] ExtensionService#_doActivateExtension vscode.json-language-features {"startup":false,"extensionId":{"value":"vscode.json-language-features","_lower":"vscode.json-language-features"},"activationEvent":"onLanguage:json"}
[2021-02-02 21:27:41.808] [exthost] [info] ExtensionService#loadCommonJSModule file:///home/carlosug/.vscode-server/bin/ea3859d4ba2f3e577a159bc91e3074c5d85c0523/extensions/json-language-features/client/dist/node/jsonClientMain
[2021-02-02 21:27:42.141] [exthost] [info] ExtensionService#_doActivateExtension vscode.typescript-language-features {"startup":false,"extensionId":{"value":"vscode.typescript-language-features","_lower":"vscode.typescript-language-features"},"activationEvent":"onLanguage:jsonc"}
[2021-02-02 21:27:42.141] [exthost] [info] ExtensionService#loadCommonJSModule file:///home/carlosug/.vscode-server/bin/ea3859d4ba2f3e577a159bc91e3074c5d85c0523/extensions/typescript-language-features/dist/extension
